
READ Weapon : 0
Name=Pistol
Price=0
CAR File=pistol.car
Bullet Image=bullet1.tga
Gunshot Sound=pistol.wav
Ammo Count=8
Magazine Capacity=0
Projectile Count=1
Power=2
Precision=0.8
Volume=0.8
Rate of Fire=1.6
Scope Zoom=False
Bullet Fall=False
---------------------------------------------------------------------
READ Weapon : 1
Name=Shotgun
Price=0
CAR File=shotgun.car
Bullet Image=bullet2.tga
Gunshot Sound=shotgun.wav
Ammo Count=7
Magazine Capacity=0
Projectile Count=6
Power=1
Precision=0.3
Volume=1.5
Rate of Fire=1.2
Scope Zoom=False
Bullet Fall=False
---------------------------------------------------------------------
READ Weapon : 2
Name=DB Shotgun
Price=0
CAR File=dbsgun.car
Bullet Image=bullet2.tga
Gunshot Sound=dbsgun.wav
Ammo Count=6
Magazine Capacity=2
Projectile Count=6
Power=1
Precision=0.2
Volume=1.9
Rate of Fire=1.2
Scope Zoom=False
Bullet Fall=True
---------------------------------------------------------------------
READ Weapon : 3
Name=X-Bow
Price=0
CAR File=x_bow.car
Bullet Image=bullet4.tga
Gunshot Sound=
Ammo Count=6
Magazine Capacity=0
Projectile Count=1
Power=6
Precision=1.0
Volume=0.4
Rate of Fire=1.0
Scope Zoom=False
Bullet Fall=False
---------------------------------------------------------------------
READ Weapon : 4
Name=Rifle
Price=0
CAR File=rifle.car
Bullet Image=bullet3.tga
Gunshot Sound=rifle.wav
Ammo Count=7
Magazine Capacity=0
Projectile Count=1
Power=4
Precision=1.8
Volume=1.5
Rate of Fire=1.0
Scope Zoom=False
Bullet Fall=False
---------------------------------------------------------------------
READ Weapon : 5
Name=Sniper rifle
Price=0
CAR File=sniper.car
Bullet Image=bullet3.tga
Gunshot Sound=sniper.wav
Ammo Count=7
Magazine Capacity=0
Projectile Count=1
Power=4
Precision=2.0
Volume=1.4
Rate of Fire=1.0
Scope Zoom=True
Bullet Fall=False
---------------------------------------------------------------------
READ PRICES:
START MONEY = 10000
WEAPON0=20
WEAPON1=100
WEAPON2=150
WEAPON3=50
WEAPON4=100
WEAPON5=200
AREA0=100
AREA1=0
AREA2=0
AREA3=0
---------------------------------------------------------------------
