
Mod Manager Version: 1.0.0 last supported version 0.1.0
Mod Version: 0.1.0
READ Weapon : 0
Name=Pistol
Description=
Menu Image=
Price=0
CAR File=pistol.car
Bullet Image=bullet1.tga
Ammo Count=8
Magazine Capacity=0
Projectile Count=1
Fire Power=2
Accuracy=0.8
Volume=0.8
Rate of Fire=1.6
Scope Zoom=False
Bullet Fall=False
---------------------------------------------------------------------
READ Weapon : 1
Name=Shotgun
Description=
Menu Image=
Price=0
CAR File=shotgun.car
Bullet Image=bullet2.tga
Ammo Count=7
Magazine Capacity=0
Projectile Count=6
Fire Power=1
Accuracy=0.3
Volume=1.5
Rate of Fire=1.2
Scope Zoom=False
Bullet Fall=False
---------------------------------------------------------------------
READ Weapon : 2
Name=DB Shotgun
Description=
Menu Image=
Price=0
CAR File=dbsgun.car
Bullet Image=bullet2.tga
Ammo Count=6
Magazine Capacity=2
Projectile Count=6
Fire Power=1
Accuracy=0.2
Volume=1.9
Rate of Fire=1.2
Scope Zoom=False
Bullet Fall=True
---------------------------------------------------------------------
READ Weapon : 3
Name=X-Bow
Description=
Menu Image=
Price=0
CAR File=x_bow.car
Bullet Image=bullet4.tga
Ammo Count=6
Magazine Capacity=0
Projectile Count=1
Fire Power=6
Accuracy=1.0
Volume=0.4
Rate of Fire=1.0
Scope Zoom=False
Bullet Fall=False
---------------------------------------------------------------------
READ Weapon : 4
Name=Rifle
Description=
Menu Image=
Price=0
CAR File=rifle.car
Bullet Image=bullet3.tga
Ammo Count=7
Magazine Capacity=0
Projectile Count=1
Fire Power=4
Accuracy=1.8
Volume=1.5
Rate of Fire=1.0
Scope Zoom=False
Bullet Fall=False
---------------------------------------------------------------------
READ Weapon : 5
Name=Sniper rifle
Description=
Menu Image=
Price=0
CAR File=sniper.car
Bullet Image=bullet3.tga
Ammo Count=7
Magazine Capacity=0
Projectile Count=1
Fire Power=4
Accuracy=2.0
Volume=1.4
Rate of Fire=1.0
Scope Zoom=True
Bullet Fall=False
---------------------------------------------------------------------
READ Ambient Creature : 0
Name=Moshops
---------------------------------------------------------------------
READ Ambient Creature : 1
Name=Galimimus
---------------------------------------------------------------------
READ Ambient Creature : 2
Name=Dimorphodon
---------------------------------------------------------------------
READ Ambient Creature : 3
Name=Pteranodon
---------------------------------------------------------------------
READ Ambient Creature : 4
Name=Dimetrodon
---------------------------------------------------------------------
READ Huntable Creature : 0
Name=Parasaurolophus
Price=0
---------------------------------------------------------------------
READ Huntable Creature : 1
Name=Ankylosaurus
Price=0
---------------------------------------------------------------------
READ Huntable Creature : 2
Name=Stegosaurus
Price=0
---------------------------------------------------------------------
READ Huntable Creature : 3
Name=Allosaurus
Price=0
---------------------------------------------------------------------
READ Huntable Creature : 4
Name=Chasmosaurus
Price=0
---------------------------------------------------------------------
READ Huntable Creature : 5
Name=Velociraptor
Price=0
---------------------------------------------------------------------
READ Huntable Creature : 6
Name=Spinosaurus
Price=0
---------------------------------------------------------------------
READ Huntable Creature : 7
Name=Ceratosaurus
Price=0
---------------------------------------------------------------------
READ Huntable Creature : 8
Name=T-Rex
Price=0
---------------------------------------------------------------------
READ Map Ambient Creature : 0
Name=Brachiosaurus
---------------------------------------------------------------------
READ PRICES:
START MONEY = 10000
AREA0=20
AREA1=50
AREA2=100
AREA3=150
AREA4=200
WEAPON0=20
WEAPON1=100
WEAPON2=150
WEAPON3=50
WEAPON4=100
WEAPON5=200
EQUIPMENT0=0
EQUIPMENT1=0
EQUIPMENT2=0
EQUIPMENT3=0
---------------------------------------------------------------------
